# JRE version: Java(TM) SE Runtime Environment (8.0_111-b14) (build 1.8.0_111-b14)
# Java VM: Java HotSpot(TM) 64-Bit Server VM (25.111-b14 mixed mode linux-amd64 compressed oops)
Heap:
 PSYoungGen      total 159232K, used 49644K [0x00000000e0000000, 0x00000000ed800000, 0x0000000100000000)
  eden space 136704K, 31% used [0x00000000e0000000,0x00000000e2985ec8,0x00000000e8580000)
  from space 22528K, 31% used [0x00000000e8580000,0x00000000e8c751f0,0x00000000e9b80000)
  to   space 21504K, 0% used [0x00000000ec300000,0x00000000ec300000,0x00000000ed800000)
 ParOldGen       total 90624K, used 43208K [0x00000000a0000000, 0x00000000a5880000, 0x00000000e0000000)
  object space 90624K, 47% used [0x00000000a0000000,0x00000000a2a320f0,0x00000000a5880000)
 Metaspace       used 55391K, capacity 57630K, committed 57896K, reserved 1099776K
  class space    used 7698K, capacity 8168K, committed 8232K, reserved 1048576K
GC Heap History (10 events):
Event: 13,356 GC heap before
{Heap before GC invocations=14 (full 2):
 PSYoungGen      total 91648K, used 87937K [0x00000000e0000000, 0x00000000e7f00000, 0x0000000100000000)
  eden space 79872K, 100% used [0x00000000e0000000,0x00000000e4e00000,0x00000000e4e00000)
  from space 11776K, 68% used [0x00000000e4e00000,0x00000000e55e06e0,0x00000000e5980000)
  to   space 11776K, 0% used [0x00000000e7380000,0x00000000e7380000,0x00000000e7f00000)
 ParOldGen       total 90624K, used 15603K [0x00000000a0000000, 0x00000000a5880000, 0x00000000e0000000)
  object space 90624K, 17% used [0x00000000a0000000,0x00000000a0f3cf98,0x00000000a5880000)
 Metaspace       used 45093K, capacity 46378K, committed 46504K, reserved 1089536K
  class space    used 6243K, capacity 6567K, committed 6568K, reserved 1048576K
Event: 13,377 GC heap after
Heap after GC invocations=14 (full 2):
 PSYoungGen      total 116224K, used 11757K [0x00000000e0000000, 0x00000000e8200000, 0x0000000100000000)
  eden space 104448K, 0% used [0x00000000e0000000,0x00000000e0000000,0x00000000e6600000)
  from space 11776K, 99% used [0x00000000e7380000,0x00000000e7efb580,0x00000000e7f00000)
  to   space 13824K, 0% used [0x00000000e6600000,0x00000000e6600000,0x00000000e7380000)
 ParOldGen       total 90624K, used 17169K [0x00000000a0000000, 0x00000000a5880000, 0x00000000e0000000)
  object space 90624K, 18% used [0x00000000a0000000,0x00000000a10c4638,0x00000000a5880000)
 Metaspace       used 45093K, capacity 46378K, committed 46504K, reserved 1089536K
  class space    used 6243K, capacity 6567K, committed 6568K, reserved 1048576K
}
Event: 15,018 GC heap before
{Heap before GC invocations=15 (full 2):
 PSYoungGen      total 116224K, used 116205K [0x00000000e0000000, 0x00000000e8200000, 0x0000000100000000)
  eden space 104448K, 100% used [0x00000000e0000000,0x00000000e6600000,0x00000000e6600000)
  from space 11776K, 99% used [0x00000000e7380000,0x00000000e7efb580,0x00000000e7f00000)
  to   space 13824K, 0% used [0x00000000e6600000,0x00000000e6600000,0x00000000e7380000)
 ParOldGen       total 90624K, used 17169K [0x00000000a0000000, 0x00000000a5880000, 0x00000000e0000000)
  object space 90624K, 18% used [0x00000000a0000000,0x00000000a10c4638,0x00000000a5880000)
 Metaspace       used 50088K, capacity 51698K, committed 52008K, reserved 1093632K
  class space    used 7003K, capacity 7361K, committed 7464K, reserved 1048576K
Event: 15,069 GC heap after
Heap after GC invocations=15 (full 2):
 PSYoungGen      total 118272K, used 13808K [0x00000000e0000000, 0x00000000eae00000, 0x0000000100000000)
  eden space 104448K, 0% used [0x00000000e0000000,0x00000000e0000000,0x00000000e6600000)
  from space 13824K, 99% used [0x00000000e6600000,0x00000000e737c000,0x00000000e7380000)
  to   space 18944K, 0% used [0x00000000e9b80000,0x00000000e9b80000,0x00000000eae00000)
 ParOldGen       total 90624K, used 26960K [0x00000000a0000000, 0x00000000a5880000, 0x00000000e0000000)
  object space 90624K, 29% used [0x00000000a0000000,0x00000000a1a541b8,0x00000000a5880000)
 Metaspace       used 50088K, capacity 51698K, committed 52008K, reserved 1093632K
  class space    used 7003K, capacity 7361K, committed 7464K, reserved 1048576K
}
Event: 15,745 GC heap before
{Heap before GC invocations=16 (full 2):
 PSYoungGen      total 118272K, used 67566K [0x00000000e0000000, 0x00000000eae00000, 0x0000000100000000)
  eden space 104448K, 51% used [0x00000000e0000000,0x00000000e347f9a0,0x00000000e6600000)
  from space 13824K, 99% used [0x00000000e6600000,0x00000000e737c000,0x00000000e7380000)
  to   space 18944K, 0% used [0x00000000e9b80000,0x00000000e9b80000,0x00000000eae00000)
 ParOldGen       total 90624K, used 26960K [0x00000000a0000000, 0x00000000a5880000, 0x00000000e0000000)
  object space 90624K, 29% used [0x00000000a0000000,0x00000000a1a541b8,0x00000000a5880000)
 Metaspace       used 51601K, capacity 53510K, committed 53544K, reserved 1095680K
  class space    used 7266K, capacity 7690K, committed 7720K, reserved 1048576K
Event: 15,773 GC heap after
Heap after GC invocations=16 (full 2):
 PSYoungGen      total 155648K, used 18917K [0x00000000e0000000, 0x00000000eb500000, 0x0000000100000000)
  eden space 136704K, 0% used [0x00000000e0000000,0x00000000e0000000,0x00000000e8580000)
  from space 18944K, 99% used [0x00000000e9b80000,0x00000000eadf9670,0x00000000eae00000)
  to   space 22528K, 0% used [0x00000000e8580000,0x00000000e8580000,0x00000000e9b80000)
 ParOldGen       total 90624K, used 28124K [0x00000000a0000000, 0x00000000a5880000, 0x00000000e0000000)
  object space 90624K, 31% used [0x00000000a0000000,0x00000000a1b77058,0x00000000a5880000)
 Metaspace       used 51601K, capacity 53510K, committed 53544K, reserved 1095680K
  class space    used 7266K, capacity 7690K, committed 7720K, reserved 1048576K
}
Event: 15,773 GC heap before
{Heap before GC invocations=17 (full 3):
 PSYoungGen      total 155648K, used 18917K [0x00000000e0000000, 0x00000000eb500000, 0x0000000100000000)
  eden space 136704K, 0% used [0x00000000e0000000,0x00000000e0000000,0x00000000e8580000)
  from space 18944K, 99% used [0x00000000e9b80000,0x00000000eadf9670,0x00000000eae00000)
  to   space 22528K, 0% used [0x00000000e8580000,0x00000000e8580000,0x00000000e9b80000)
 ParOldGen       total 90624K, used 28124K [0x00000000a0000000, 0x00000000a5880000, 0x00000000e0000000)
  object space 90624K, 31% used [0x00000000a0000000,0x00000000a1b77058,0x00000000a5880000)
 Metaspace       used 51601K, capacity 53510K, committed 53544K, reserved 1095680K
  class space    used 7266K, capacity 7690K, committed 7720K, reserved 1048576K
Event: 16,141 GC heap after
Heap after GC invocations=17 (full 3):
 PSYoungGen      total 155648K, used 0K [0x00000000e0000000, 0x00000000eb500000, 0x0000000100000000)
  eden space 136704K, 0% used [0x00000000e0000000,0x00000000e0000000,0x00000000e8580000)
  from space 18944K, 0% used [0x00000000e9b80000,0x00000000e9b80000,0x00000000eae00000)
  to   space 22528K, 0% used [0x00000000e8580000,0x00000000e8580000,0x00000000e9b80000)
 ParOldGen       total 90624K, used 43200K [0x00000000a0000000, 0x00000000a5880000, 0x00000000e0000000)
  object space 90624K, 47% used [0x00000000a0000000,0x00000000a2a300f0,0x00000000a5880000)
 Metaspace       used 51601K, capacity 53510K, committed 53544K, reserved 1095680K
  class space    used 7266K, capacity 7690K, committed 7720K, reserved 1048576K
}
Event: 26,598 GC heap before
{Heap before GC invocations=18 (full 3):
 PSYoungGen      total 155648K, used 136704K [0x00000000e0000000, 0x00000000eb500000, 0x0000000100000000)
  eden space 136704K, 100% used [0x00000000e0000000,0x00000000e8580000,0x00000000e8580000)
  from space 18944K, 0% used [0x00000000e9b80000,0x00000000e9b80000,0x00000000eae00000)
  to   space 22528K, 0% used [0x00000000e8580000,0x00000000e8580000,0x00000000e9b80000)
 ParOldGen       total 90624K, used 43200K [0x00000000a0000000, 0x00000000a5880000, 0x00000000e0000000)
  object space 90624K, 47% used [0x00000000a0000000,0x00000000a2a300f0,0x00000000a5880000)
 Metaspace       used 54460K, capacity 56610K, committed 56744K, reserved 1097728K
  class space    used 7571K, capacity 8024K, committed 8104K, reserved 1048576K
Event: 26,618 GC heap after
Heap after GC invocations=18 (full 3):
 PSYoungGen      total 159232K, used 7124K [0x00000000e0000000, 0x00000000ed800000, 0x0000000100000000)
  eden space 136704K, 0% used [0x00000000e0000000,0x00000000e0000000,0x00000000e8580000)
  from space 22528K, 31% used [0x00000000e8580000,0x00000000e8c751f0,0x00000000e9b80000)
  to   space 21504K, 0% used [0x00000000ec300000,0x00000000ec300000,0x00000000ed800000)
 ParOldGen       total 90624K, used 43208K [0x00000000a0000000, 0x00000000a5880000, 0x00000000e0000000)
  object space 90624K, 47% used [0x00000000a0000000,0x00000000a2a320f0,0x00000000a5880000)
 Metaspace       used 54460K, capacity 56610K, committed 56744K, reserved 1097728K
  class space    used 7571K, capacity 8024K, committed 8104K, reserved 1048576K
}

