# JRE version: Java(TM) SE Runtime Environment (8.0_91-b14) (build 1.8.0_91-b14)
# Java VM: Java HotSpot(TM) 64-Bit Server VM (25.91-b14 mixed mode linux-amd64 compressed oops)
Heap:
 PSYoungGen      total 140800K, used 140797K [0x00000000e0000000, 0x00000000ec780000, 0x0000000100000000)
  eden space 131072K, 100% used [0x00000000e0000000,0x00000000e8000000,0x00000000e8000000)
  from space 9728K, 99% used [0x00000000e9d80000,0x00000000ea6ff5f0,0x00000000ea700000)
  to   space 30208K, 76% used [0x00000000e8000000,0x00000000e969c680,0x00000000e9d80000)
 ParOldGen       total 95232K, used 71324K [0x00000000a0000000, 0x00000000a5d00000, 0x00000000e0000000)
  object space 95232K, 74% used [0x00000000a0000000,0x00000000a45a71d8,0x00000000a5d00000)
 Metaspace       used 64574K, capacity 67404K, committed 67456K, reserved 1107968K
  class space    used 8718K, capacity 9303K, committed 9344K, reserved 1048576K
GC Heap History (10 events):
Event: 64,464 GC heap after
Heap after GC invocations=17 (full 3):
 PSYoungGen      total 144896K, used 6016K [0x00000000e0000000, 0x00000000eb800000, 0x0000000100000000)
  eden space 122880K, 0% used [0x00000000e0000000,0x00000000e0000000,0x00000000e7800000)
  from space 22016K, 27% used [0x00000000e8d80000,0x00000000e9360000,0x00000000ea300000)
  to   space 22016K, 0% used [0x00000000e7800000,0x00000000e7800000,0x00000000e8d80000)
 ParOldGen       total 95232K, used 43614K [0x00000000a0000000, 0x00000000a5d00000, 0x00000000e0000000)
  object space 95232K, 45% used [0x00000000a0000000,0x00000000a2a979d8,0x00000000a5d00000)
 Metaspace       used 55794K, capacity 58132K, committed 58240K, reserved 1099776K
  class space    used 7734K, capacity 8242K, committed 8320K, reserved 1048576K
}
Event: 73,009 GC heap before
{Heap before GC invocations=18 (full 3):
 PSYoungGen      total 144896K, used 128896K [0x00000000e0000000, 0x00000000eb800000, 0x0000000100000000)
  eden space 122880K, 100% used [0x00000000e0000000,0x00000000e7800000,0x00000000e7800000)
  from space 22016K, 27% used [0x00000000e8d80000,0x00000000e9360000,0x00000000ea300000)
  to   space 22016K, 0% used [0x00000000e7800000,0x00000000e7800000,0x00000000e8d80000)
 ParOldGen       total 95232K, used 43614K [0x00000000a0000000, 0x00000000a5d00000, 0x00000000e0000000)
  object space 95232K, 45% used [0x00000000a0000000,0x00000000a2a979d8,0x00000000a5d00000)
 Metaspace       used 58861K, capacity 61464K, committed 61696K, reserved 1101824K
  class space    used 8101K, capacity 8637K, committed 8704K, reserved 1048576K
Event: 73,029 GC heap after
Heap after GC invocations=18 (full 3):
 PSYoungGen      total 144896K, used 10712K [0x00000000e0000000, 0x00000000ebb00000, 0x0000000100000000)
  eden space 122880K, 0% used [0x00000000e0000000,0x00000000e0000000,0x00000000e7800000)
  from space 22016K, 48% used [0x00000000e7800000,0x00000000e8276308,0x00000000e8d80000)
  to   space 20992K, 0% used [0x00000000ea680000,0x00000000ea680000,0x00000000ebb00000)
 ParOldGen       total 95232K, used 43622K [0x00000000a0000000, 0x00000000a5d00000, 0x00000000e0000000)
  object space 95232K, 45% used [0x00000000a0000000,0x00000000a2a999d8,0x00000000a5d00000)
 Metaspace       used 58861K, capacity 61464K, committed 61696K, reserved 1101824K
  class space    used 8101K, capacity 8637K, committed 8704K, reserved 1048576K
}
Event: 410,198 GC heap before
{Heap before GC invocations=19 (full 3):
 PSYoungGen      total 144896K, used 133592K [0x00000000e0000000, 0x00000000ebb00000, 0x0000000100000000)
  eden space 122880K, 100% used [0x00000000e0000000,0x00000000e7800000,0x00000000e7800000)
  from space 22016K, 48% used [0x00000000e7800000,0x00000000e8276308,0x00000000e8d80000)
  to   space 20992K, 0% used [0x00000000ea680000,0x00000000ea680000,0x00000000ebb00000)
 ParOldGen       total 95232K, used 43622K [0x00000000a0000000, 0x00000000a5d00000, 0x00000000e0000000)
  object space 95232K, 45% used [0x00000000a0000000,0x00000000a2a999d8,0x00000000a5d00000)
 Metaspace       used 60599K, capacity 63298K, committed 63488K, reserved 1103872K
  class space    used 8320K, capacity 8864K, committed 8960K, reserved 1048576K
Event: 410,215 GC heap after
Heap after GC invocations=19 (full 3):
 PSYoungGen      total 130048K, used 10586K [0x00000000e0000000, 0x00000000eb100000, 0x0000000100000000)
  eden space 119296K, 0% used [0x00000000e0000000,0x00000000e0000000,0x00000000e7480000)
  from space 10752K, 98% used [0x00000000ea680000,0x00000000eb0d6830,0x00000000eb100000)
  to   space 19968K, 0% used [0x00000000e8a00000,0x00000000e8a00000,0x00000000e9d80000)
 ParOldGen       total 95232K, used 43630K [0x00000000a0000000, 0x00000000a5d00000, 0x00000000e0000000)
  object space 95232K, 45% used [0x00000000a0000000,0x00000000a2a9b9d8,0x00000000a5d00000)
 Metaspace       used 60599K, capacity 63298K, committed 63488K, reserved 1103872K
  class space    used 8320K, capacity 8864K, committed 8960K, reserved 1048576K
}
Event: 412,108 GC heap before
{Heap before GC invocations=20 (full 3):
 PSYoungGen      total 130048K, used 129882K [0x00000000e0000000, 0x00000000eb100000, 0x0000000100000000)
  eden space 119296K, 100% used [0x00000000e0000000,0x00000000e7480000,0x00000000e7480000)
  from space 10752K, 98% used [0x00000000ea680000,0x00000000eb0d6830,0x00000000eb100000)
  to   space 19968K, 0% used [0x00000000e8a00000,0x00000000e8a00000,0x00000000e9d80000)
 ParOldGen       total 95232K, used 43630K [0x00000000a0000000, 0x00000000a5d00000, 0x00000000e0000000)
  object space 95232K, 45% used [0x00000000a0000000,0x00000000a2a9b9d8,0x00000000a5d00000)
 Metaspace       used 64076K, capacity 66892K, committed 67200K, reserved 1107968K
  class space    used 8678K, capacity 9239K, committed 9344K, reserved 1048576K
Event: 412,133 GC heap after
Heap after GC invocations=20 (full 3):
 PSYoungGen      total 135680K, used 19963K [0x00000000e0000000, 0x00000000ea700000, 0x0000000100000000)
  eden space 115712K, 0% used [0x00000000e0000000,0x00000000e0000000,0x00000000e7100000)
  from space 19968K, 99% used [0x00000000e8a00000,0x00000000e9d7ec90,0x00000000e9d80000)
  to   space 9728K, 0% used [0x00000000e9d80000,0x00000000e9d80000,0x00000000ea700000)
 ParOldGen       total 95232K, used 44916K [0x00000000a0000000, 0x00000000a5d00000, 0x00000000e0000000)
  object space 95232K, 47% used [0x00000000a0000000,0x00000000a2bdd120,0x00000000a5d00000)
 Metaspace       used 64076K, capacity 66892K, committed 67200K, reserved 1107968K
  class space    used 8678K, capacity 9239K, committed 9344K, reserved 1048576K
}
Event: 412,950 GC heap before
{Heap before GC invocations=21 (full 3):
 PSYoungGen      total 135680K, used 135675K [0x00000000e0000000, 0x00000000ea700000, 0x0000000100000000)
  eden space 115712K, 100% used [0x00000000e0000000,0x00000000e7100000,0x00000000e7100000)
  from space 19968K, 99% used [0x00000000e8a00000,0x00000000e9d7ec90,0x00000000e9d80000)
  to   space 9728K, 0% used [0x00000000e9d80000,0x00000000e9d80000,0x00000000ea700000)
 ParOldGen       total 95232K, used 44916K [0x00000000a0000000, 0x00000000a5d00000, 0x00000000e0000000)
  object space 95232K, 47% used [0x00000000a0000000,0x00000000a2bdd120,0x00000000a5d00000)
 Metaspace       used 64467K, capacity 67244K, committed 67456K, reserved 1107968K
  class space    used 8715K, capacity 9271K, committed 9344K, reserved 1048576K
Event: 413,006 GC heap after
Heap after GC invocations=21 (full 3):
 PSYoungGen      total 140800K, used 9725K [0x00000000e0000000, 0x00000000ec780000, 0x0000000100000000)
  eden space 131072K, 0% used [0x00000000e0000000,0x00000000e0000000,0x00000000e8000000)
  from space 9728K, 99% used [0x00000000e9d80000,0x00000000ea6ff5f0,0x00000000ea700000)
  to   space 30208K, 0% used [0x00000000e8000000,0x00000000e8000000,0x00000000e9d80000)
 ParOldGen       total 95232K, used 68564K [0x00000000a0000000, 0x00000000a5d00000, 0x00000000e0000000)
  object space 95232K, 71% used [0x00000000a0000000,0x00000000a42f5070,0x00000000a5d00000)
 Metaspace       used 64467K, capacity 67244K, committed 67456K, reserved 1107968K
  class space    used 8715K, capacity 9271K, committed 9344K, reserved 1048576K
}
Event: 413,463 GC heap before
{Heap before GC invocations=22 (full 3):
 PSYoungGen      total 140800K, used 140797K [0x00000000e0000000, 0x00000000ec780000, 0x0000000100000000)
  eden space 131072K, 100% used [0x00000000e0000000,0x00000000e8000000,0x00000000e8000000)
  from space 9728K, 99% used [0x00000000e9d80000,0x00000000ea6ff5f0,0x00000000ea700000)
  to   space 30208K, 0% used [0x00000000e8000000,0x00000000e8000000,0x00000000e9d80000)
 ParOldGen       total 95232K, used 68564K [0x00000000a0000000, 0x00000000a5d00000, 0x00000000e0000000)
  object space 95232K, 71% used [0x00000000a0000000,0x00000000a42f5070,0x00000000a5d00000)
 Metaspace       used 64574K, capacity 67404K, committed 67456K, reserved 1107968K
  class space    used 8718K, capacity 9303K, committed 9344K, reserved 1048576K

